
2020-07-11 01:11:25,267 INFO r.s.l.VendingMachine [main] Запущена программа 
2020-07-11 01:11:31,783 WARN r.s.l.VendingMachine [main] Введен неверный номер напитка 8 
2020-07-11 01:11:40,561 INFO r.s.l.Drinks [main] Выбран напиток Кофе, стоимостью 
2020-07-11 01:12:37,960 INFO r.s.l.VendingMachine [main] Запущена программа 
2020-07-11 01:12:49,342 WARN r.s.l.VendingMachine [main] Введен неверный номер напитка 8 
2020-07-11 01:12:51,636 INFO r.s.l.Drinks [main] Выбран напиток Вода, стоимостью 50 
2020-07-11 01:13:15,683 WARN r.s.l.VendingMachine [main] Внесена недостаточная сумма 20 
2020-07-11 01:13:24,418 INFO r.s.l.Drinks [main] Выбран напиток Вода, стоимостью 50 
2020-07-11 01:13:24,419 INFO r.s.l.Client [main] Остаток на счете клиента 10 
2020-07-11 01:18:02,107 INFO r.s.l.VendingMachine [main] Запущена программа 
2020-07-11 01:18:09,075 WARN r.s.l.VendingMachine [main] Введен неверный номер напитка 8 
2020-07-11 01:18:11,189 INFO r.s.l.Drinks [main] Выбран напиток Вода, стоимостью 50 
2020-07-11 01:18:30,281 INFO r.s.l.VendingMachine [main] Внесена сумма 20 
2020-07-11 01:18:30,281 INFO r.s.l.VendingMachine [main] Внесена недостаточная сумма 20 
2020-07-11 01:19:13,922 INFO r.s.l.VendingMachine [main] Внесена сумма 70 
2020-07-11 01:19:13,922 INFO r.s.l.Drinks [main] Выбран напиток Вода, стоимостью 50 
2020-07-11 01:19:13,923 INFO r.s.l.Client [main] Остаток на счете клиента 20 
2020-07-14 11:28:14,234 INFO r.s.l.VendingMachine [main] Запущена программа 
2020-07-14 11:28:25,499 WARN r.s.l.VendingMachine [main] Введен неверный номер напитка 6 
2020-07-14 11:28:29,523 INFO r.s.l.Drinks [main] Выбран напиток Вода, стоимостью 50 
2020-07-14 11:28:37,618 INFO r.s.l.VendingMachine [main] Внесена сумма 32 
2020-07-14 11:28:37,618 INFO r.s.l.VendingMachine [main] Внесена недостаточная сумма 32 
2020-07-14 11:28:42,001 INFO r.s.l.VendingMachine [main] Внесена сумма 64 
2020-07-14 11:28:42,001 INFO r.s.l.Drinks [main] Выбран напиток Вода, стоимостью 50 
2020-07-14 11:28:42,002 INFO r.s.l.Client [main] Остаток на счете клиента 14 
